<?xml version="1.0" encoding="UTF-8"?>
<testsuite name="com.XYZStrore.apiVentaProductos.repository.ItemOrderRepositoryTest" tests="1" skipped="0" failures="0" errors="0" timestamp="2024-03-29T21:06:20" hostname="WIN-56ALGLMFNUG" time="0.847">
  <properties/>
  <testcase name="givenItemOrder_whenGetTotalSalesAmountForProduct_thenReturn()" classname="com.XYZStrore.apiVentaProductos.repository.ItemOrderRepositoryTest" time="0.847"/>
  <system-out><![CDATA[16:06:10.479 [Test worker] INFO org.springframework.test.context.support.AnnotationConfigContextLoaderUtils -- Could not detect default configuration classes for test class [com.XYZStrore.apiVentaProductos.repository.ItemOrderRepositoryTest]: ItemOrderRepositoryTest does not declare any static, non-private, non-final, nested classes annotated with @Configuration.
16:06:10.539 [Test worker] INFO org.testcontainers.images.PullPolicy -- Image pull policy will be performed by: DefaultPullPolicy()
16:06:10.545 [Test worker] INFO org.testcontainers.utility.ImageNameSubstitutor -- Image name substitution will be performed by: DefaultImageNameSubstitutor (composite of 'ConfigurationFileImageNameSubstitutor' and 'PrefixingImageNameSubstitutor')
16:06:10.892 [Test worker] INFO org.testcontainers.dockerclient.DockerClientProviderStrategy -- Loaded org.testcontainers.dockerclient.NpipeSocketClientProviderStrategy from ~/.testcontainers.properties, will try it first
16:06:11.248 [Test worker] INFO org.testcontainers.dockerclient.DockerClientProviderStrategy -- Found Docker environment with local Npipe socket (npipe:////./pipe/docker_engine)
16:06:11.250 [Test worker] INFO org.testcontainers.DockerClientFactory -- Docker host IP address is localhost
16:06:11.279 [Test worker] INFO org.testcontainers.DockerClientFactory -- Connected to docker: 
  Server Version: 25.0.3
  API Version: 1.44
  Operating System: Docker Desktop
  Total Memory: 8863 MB
16:06:11.320 [Test worker] INFO tc.testcontainers/ryuk:0.6.0 -- Creating container for image: testcontainers/ryuk:0.6.0
16:06:11.691 [Test worker] INFO tc.testcontainers/ryuk:0.6.0 -- Container testcontainers/ryuk:0.6.0 is starting: a5ca47564c61ebfc7ddea181cc0df35cfc3a550fc6eba1286203d114da0ef067
16:06:12.281 [Test worker] INFO tc.testcontainers/ryuk:0.6.0 -- Container testcontainers/ryuk:0.6.0 started in PT0.960576S
16:06:12.291 [Test worker] INFO org.testcontainers.utility.RyukResourceReaper -- Ryuk started - will monitor and terminate Testcontainers containers on JVM exit
16:06:12.291 [Test worker] INFO org.testcontainers.DockerClientFactory -- Checking the system...
16:06:12.291 [Test worker] INFO org.testcontainers.DockerClientFactory -- ?? Docker server version should be at least 1.6.0
16:06:12.518 [Test worker] INFO org.springframework.boot.test.context.SpringBootTestContextBootstrapper -- Found @SpringBootConfiguration com.XYZStrore.apiVentaProductos.ApiVentaProductosApplication for test class com.XYZStrore.apiVentaProductos.repository.ItemOrderRepositoryTest
16:06:12.558 [Test worker] INFO tc.postgres:15-alpine -- Creating container for image: postgres:15-alpine
16:06:12.661 [Test worker] INFO tc.postgres:15-alpine -- Container postgres:15-alpine is starting: 0e4fb6723509d881920f4b489d1fb69e0020f9808f6e763b2913305929725ca0
16:06:14.820 [Test worker] INFO tc.postgres:15-alpine -- Container postgres:15-alpine started in PT2.2624209S
16:06:14.822 [Test worker] INFO tc.postgres:15-alpine -- Container is started (JDBC URL: jdbc:postgresql://localhost:51854/test?loggerLevel=OFF)

  .   ____          _            __ _ _
 /\\ / ___'_ __ _ _(_)_ __  __ _ \ \ \ \
( ( )\___ | '_ | '_| | '_ \/ _` | \ \ \ \
 \\/  ___)| |_)| | | | | || (_| |  ) ) ) )
  '  |____| .__|_| |_|_| |_\__, | / / / /
 =========|_|==============|___/=/_/_/_/
 :: Spring Boot ::                (v3.2.4)

2024-03-29T16:06:15.376-05:00  INFO 18580 --- [apiVentaProductos] [    Test worker] c.X.a.r.ItemOrderRepositoryTest          : Starting ItemOrderRepositoryTest using Java 17.0.9 with PID 18580 (started by Administrator in D:\Java projects\apiVentaProductos)
2024-03-29T16:06:15.378-05:00  INFO 18580 --- [apiVentaProductos] [    Test worker] c.X.a.r.ItemOrderRepositoryTest          : No active profile set, falling back to 1 default profile: "default"
2024-03-29T16:06:15.935-05:00  INFO 18580 --- [apiVentaProductos] [    Test worker] .s.d.r.c.RepositoryConfigurationDelegate : Bootstrapping Spring Data JPA repositories in DEFAULT mode.
2024-03-29T16:06:16.056-05:00  INFO 18580 --- [apiVentaProductos] [    Test worker] .s.d.r.c.RepositoryConfigurationDelegate : Finished Spring Data repository scanning in 105 ms. Found 6 JPA repository interfaces.
2024-03-29T16:06:16.635-05:00  INFO 18580 --- [apiVentaProductos] [    Test worker] o.hibernate.jpa.internal.util.LogHelper  : HHH000204: Processing PersistenceUnitInfo [name: default]
2024-03-29T16:06:16.737-05:00  INFO 18580 --- [apiVentaProductos] [    Test worker] org.hibernate.Version                    : HHH000412: Hibernate ORM core version 6.4.4.Final
2024-03-29T16:06:16.811-05:00  INFO 18580 --- [apiVentaProductos] [    Test worker] o.h.c.internal.RegionFactoryInitiator    : HHH000026: Second-level cache disabled
2024-03-29T16:06:17.264-05:00  INFO 18580 --- [apiVentaProductos] [    Test worker] o.s.o.j.p.SpringPersistenceUnitInfo      : No LoadTimeWeaver setup: ignoring JPA class transformer
2024-03-29T16:06:17.313-05:00  INFO 18580 --- [apiVentaProductos] [    Test worker] com.zaxxer.hikari.HikariDataSource       : HikariPool-1 - Starting...
2024-03-29T16:06:17.619-05:00  INFO 18580 --- [apiVentaProductos] [    Test worker] com.zaxxer.hikari.pool.HikariPool        : HikariPool-1 - Added connection org.postgresql.jdbc.PgConnection@5b6cc344
2024-03-29T16:06:17.622-05:00  INFO 18580 --- [apiVentaProductos] [    Test worker] com.zaxxer.hikari.HikariDataSource       : HikariPool-1 - Start completed.
2024-03-29T16:06:17.670-05:00  WARN 18580 --- [apiVentaProductos] [    Test worker] org.hibernate.orm.deprecation            : HHH90000025: PostgreSQLDialect does not need to be specified explicitly using 'hibernate.dialect' (remove the property setting and it will be selected by default)
2024-03-29T16:06:19.135-05:00  INFO 18580 --- [apiVentaProductos] [    Test worker] o.h.e.t.j.p.i.JtaPlatformInitiator       : HHH000489: No JTA platform available (set 'hibernate.transaction.jta.platform' to enable JTA platform integration)
Hibernate: alter table if exists item_orders drop constraint if exists FKkys7yc90lh9jted4tjn2qgbtx
2024-03-29T16:06:19.162-05:00  WARN 18580 --- [apiVentaProductos] [    Test worker] o.h.engine.jdbc.spi.SqlExceptionHelper   : SQL Warning Code: 0, SQLState: 00000
2024-03-29T16:06:19.163-05:00  WARN 18580 --- [apiVentaProductos] [    Test worker] o.h.engine.jdbc.spi.SqlExceptionHelper   : relation "item_orders" does not exist, skipping
Hibernate: alter table if exists item_orders drop constraint if exists FK9fb3fktyhdbjvd35wikp7p700
2024-03-29T16:06:19.165-05:00  WARN 18580 --- [apiVentaProductos] [    Test worker] o.h.engine.jdbc.spi.SqlExceptionHelper   : SQL Warning Code: 0, SQLState: 00000
2024-03-29T16:06:19.166-05:00  WARN 18580 --- [apiVentaProductos] [    Test worker] o.h.engine.jdbc.spi.SqlExceptionHelper   : relation "item_orders" does not exist, skipping
Hibernate: alter table if exists orders drop constraint if exists FK9nrvxq589ftyoik6041ew914c
2024-03-29T16:06:19.169-05:00  WARN 18580 --- [apiVentaProductos] [    Test worker] o.h.engine.jdbc.spi.SqlExceptionHelper   : SQL Warning Code: 0, SQLState: 00000
2024-03-29T16:06:19.169-05:00  WARN 18580 --- [apiVentaProductos] [    Test worker] o.h.engine.jdbc.spi.SqlExceptionHelper   : relation "orders" does not exist, skipping
Hibernate: alter table if exists orders drop constraint if exists FKrchjj2gb5gony0ey7sbaymko8
2024-03-29T16:06:19.171-05:00  WARN 18580 --- [apiVentaProductos] [    Test worker] o.h.engine.jdbc.spi.SqlExceptionHelper   : SQL Warning Code: 0, SQLState: 00000
2024-03-29T16:06:19.172-05:00  WARN 18580 --- [apiVentaProductos] [    Test worker] o.h.engine.jdbc.spi.SqlExceptionHelper   : relation "orders" does not exist, skipping
Hibernate: alter table if exists orders drop constraint if exists FKf3dfq43eiennin43utq1knpku
2024-03-29T16:06:19.174-05:00  WARN 18580 --- [apiVentaProductos] [    Test worker] o.h.engine.jdbc.spi.SqlExceptionHelper   : SQL Warning Code: 0, SQLState: 00000
2024-03-29T16:06:19.174-05:00  WARN 18580 --- [apiVentaProductos] [    Test worker] o.h.engine.jdbc.spi.SqlExceptionHelper   : relation "orders" does not exist, skipping
Hibernate: drop table if exists customers cascade
2024-03-29T16:06:19.178-05:00  WARN 18580 --- [apiVentaProductos] [    Test worker] o.h.engine.jdbc.spi.SqlExceptionHelper   : SQL Warning Code: 0, SQLState: 00000
2024-03-29T16:06:19.178-05:00  WARN 18580 --- [apiVentaProductos] [    Test worker] o.h.engine.jdbc.spi.SqlExceptionHelper   : table "customers" does not exist, skipping
Hibernate: drop table if exists item_orders cascade
2024-03-29T16:06:19.181-05:00  WARN 18580 --- [apiVentaProductos] [    Test worker] o.h.engine.jdbc.spi.SqlExceptionHelper   : SQL Warning Code: 0, SQLState: 00000
2024-03-29T16:06:19.182-05:00  WARN 18580 --- [apiVentaProductos] [    Test worker] o.h.engine.jdbc.spi.SqlExceptionHelper   : table "item_orders" does not exist, skipping
Hibernate: drop table if exists orders cascade
2024-03-29T16:06:19.184-05:00  WARN 18580 --- [apiVentaProductos] [    Test worker] o.h.engine.jdbc.spi.SqlExceptionHelper   : SQL Warning Code: 0, SQLState: 00000
2024-03-29T16:06:19.184-05:00  WARN 18580 --- [apiVentaProductos] [    Test worker] o.h.engine.jdbc.spi.SqlExceptionHelper   : table "orders" does not exist, skipping
Hibernate: drop table if exists payments cascade
2024-03-29T16:06:19.187-05:00  WARN 18580 --- [apiVentaProductos] [    Test worker] o.h.engine.jdbc.spi.SqlExceptionHelper   : SQL Warning Code: 0, SQLState: 00000
2024-03-29T16:06:19.187-05:00  WARN 18580 --- [apiVentaProductos] [    Test worker] o.h.engine.jdbc.spi.SqlExceptionHelper   : table "payments" does not exist, skipping
Hibernate: drop table if exists products cascade
2024-03-29T16:06:19.190-05:00  WARN 18580 --- [apiVentaProductos] [    Test worker] o.h.engine.jdbc.spi.SqlExceptionHelper   : SQL Warning Code: 0, SQLState: 00000
2024-03-29T16:06:19.190-05:00  WARN 18580 --- [apiVentaProductos] [    Test worker] o.h.engine.jdbc.spi.SqlExceptionHelper   : table "products" does not exist, skipping
Hibernate: drop table if exists shipping_details cascade
2024-03-29T16:06:19.192-05:00  WARN 18580 --- [apiVentaProductos] [    Test worker] o.h.engine.jdbc.spi.SqlExceptionHelper   : SQL Warning Code: 0, SQLState: 00000
2024-03-29T16:06:19.193-05:00  WARN 18580 --- [apiVentaProductos] [    Test worker] o.h.engine.jdbc.spi.SqlExceptionHelper   : table "shipping_details" does not exist, skipping
Hibernate: create table customers (id bigserial not null, address varchar(255), email varchar(255), name varchar(255), primary key (id))
Hibernate: create table item_orders (quantity integer, unit_price numeric(38,2), id bigserial not null, id_item_order bigint, id_product bigint, primary key (id))
Hibernate: create table orders (id bigserial not null, id_customer bigint, id_payment bigint unique, id_shipping_detail bigint unique, order_date timestamp(6), status varchar(255) check (status in ('PENDIENTE','ENVIADO','ENTREGADO')), primary key (id))
Hibernate: create table payments (full_payment numeric(38,2), payment_method smallint check (payment_method between 0 and 5), date_payment timestamp(6), id bigserial not null, primary key (id))
Hibernate: create table products (price numeric(38,2), stock integer, id bigserial not null, name varchar(255), primary key (id))
Hibernate: create table shipping_details (number_guide integer, id bigserial not null, addres varchar(255), conveyor varchar(255), primary key (id))
Hibernate: alter table if exists item_orders add constraint FKkys7yc90lh9jted4tjn2qgbtx foreign key (id_item_order) references orders
Hibernate: alter table if exists item_orders add constraint FK9fb3fktyhdbjvd35wikp7p700 foreign key (id_product) references products
Hibernate: alter table if exists orders add constraint FK9nrvxq589ftyoik6041ew914c foreign key (id_customer) references customers
Hibernate: alter table if exists orders add constraint FKrchjj2gb5gony0ey7sbaymko8 foreign key (id_payment) references payments
Hibernate: alter table if exists orders add constraint FKf3dfq43eiennin43utq1knpku foreign key (id_shipping_detail) references shipping_details
2024-03-29T16:06:19.261-05:00  INFO 18580 --- [apiVentaProductos] [    Test worker] j.LocalContainerEntityManagerFactoryBean : Initialized JPA EntityManagerFactory for persistence unit 'default'
2024-03-29T16:06:19.688-05:00  INFO 18580 --- [apiVentaProductos] [    Test worker] o.s.d.j.r.query.QueryEnhancerFactory     : Hibernate is in classpath; If applicable, HQL parser will be used.
2024-03-29T16:06:20.447-05:00  INFO 18580 --- [apiVentaProductos] [    Test worker] c.X.a.r.ItemOrderRepositoryTest          : Started ItemOrderRepositoryTest in 5.566 seconds (process running for 11.683)
Hibernate: select p1_0.id,p1_0.name,p1_0.price,p1_0.stock from products p1_0 where p1_0.id=?
Hibernate: insert into products (name,price,stock) values (?,?,?)
Hibernate: select o1_0.id,c1_0.id,c1_0.address,c1_0.email,c1_0.name,o1_0.order_date,p1_0.id,p1_0.date_payment,p1_0.full_payment,p1_0.payment_method,sd1_0.id,sd1_0.addres,sd1_0.conveyor,sd1_0.number_guide,o1_0.status from orders o1_0 left join customers c1_0 on c1_0.id=o1_0.id_customer left join payments p1_0 on p1_0.id=o1_0.id_payment left join shipping_details sd1_0 on sd1_0.id=o1_0.id_shipping_detail where o1_0.id=?
Hibernate: insert into orders (id_customer,order_date,id_payment,id_shipping_detail,status) values (?,?,?,?,?)
Hibernate: select io1_0.id,o1_0.id,c1_0.id,c1_0.address,c1_0.email,c1_0.name,o1_0.order_date,p1_0.id,p1_0.date_payment,p1_0.full_payment,p1_0.payment_method,sd1_0.id,sd1_0.addres,sd1_0.conveyor,sd1_0.number_guide,o1_0.status,p2_0.id,p2_0.name,p2_0.price,p2_0.stock,io1_0.quantity,io1_0.unit_price from item_orders io1_0 left join orders o1_0 on o1_0.id=io1_0.id_item_order left join customers c1_0 on c1_0.id=o1_0.id_customer left join payments p1_0 on p1_0.id=o1_0.id_payment left join shipping_details sd1_0 on sd1_0.id=o1_0.id_shipping_detail left join products p2_0 on p2_0.id=io1_0.id_product where io1_0.id=?
Hibernate: insert into item_orders (id_item_order,id_product,quantity,unit_price) values (?,?,?,?)
Hibernate: select sum((io1_0.quantity*io1_0.unit_price)) from item_orders io1_0 where io1_0.id_product=?
]]></system-out>
  <system-err><![CDATA[]]></system-err>
</testsuite>
